#
# There is insufficient memory for the Java Runtime Environment to continue.
# Native memory allocation (mmap) failed to map 234881024 bytes for G1 virtual space
# Possible reasons:
#   The system is out of physical RAM or swap space
#   The process is running with CompressedOops enabled, and the Java Heap may be blocking the growth of the native heap
# Possible solutions:
#   Reduce memory load on the system
#   Increase physical memory or swap space
#   Check if swap backing store is full
#   Decrease Java heap size (-Xmx/-Xms)
#   Decrease number of Java threads
#   Decrease Java thread stack sizes (-Xss)
#   Set larger code cache with -XX:ReservedCodeCacheSize=
#   JVM is running with Zero Based Compressed Oops mode in which the Java heap is
#     placed in the first 32GB address space. The Java Heap base address is the
#     maximum limit for the native heap growth. Please use -XX:HeapBaseMinAddress
#     to set the Java Heap base and to place the Java Heap above 32GB virtual address.
# This output file may be truncated or incomplete.
#
#  Out of Memory Error (os_windows.cpp:3825), pid=18236, tid=13436
#
# JRE version:  (17.0.10) (build )
# Java VM: OpenJDK 64-Bit Server VM (17.0.10+0--11572160, mixed mode, sharing, tiered, compressed oops, compressed class ptrs, g1 gc, windows-amd64)
# No core dump will be written. Minidumps are not enabled by default on client versions of Windows
#

---------------  S U M M A R Y ------------

Command Line: git4idea.http.GitAskPassApp Username for 'https://github.com': 

Host: AMD Ryzen 7 3700U with Radeon Vega Mobile Gfx  , 8 cores, 13G,  Windows 11 , 64 bit Build 22000 (10.0.22000.2538)
Time: Sun Jun 16 00:06:58 2024 India Standard Time elapsed time: 0.012605 seconds (0d 0h 0m 0s)

---------------  T H R E A D  ---------------

Current thread (0x0000023ad9a08e20):  JavaThread "Unknown thread" [_thread_in_vm, id=13436, stack(0x000000bea9d00000,0x000000bea9e00000)]

Stack: [0x000000bea9d00000,0x000000bea9e00000]
Native frames: (J=compiled Java code, j=interpreted, Vv=VM code, C=native code)
V  [jvm.dll+0x688e89]
V  [jvm.dll+0x84247a]
V  [jvm.dll+0x8440be]
V  [jvm.dll+0x844723]
V  [jvm.dll+0x24be0f]
V  [jvm.dll+0x685c59]
V  [jvm.dll+0x67a50a]
V  [jvm.dll+0x30cbab]
V  [jvm.dll+0x314056]
V  [jvm.dll+0x363dce]
V  [jvm.dll+0x363fff]
V  [jvm.dll+0x2e2978]
V  [jvm.dll+0x2e38e4]
V  [jvm.dll+0x813011]
V  [jvm.dll+0x371c81]
V  [jvm.dll+0x7f1b66]
V  [jvm.dll+0x3f58df]
V  [jvm.dll+0x3f7511]
C  [jli.dll+0x528f]
C  [ucrtbase.dll+0x26c0c]
C  [KERNEL32.DLL+0x153e0]
C  [ntdll.dll+0x485b]


---------------  P R O C E S S  ---------------

Threads class SMR info:
_java_thread_list=0x00007ffafec3ef58, length=0, elements={
}

Java Threads: ( => current thread )

Other Threads:
  0x0000023ad9a6b2e0 GCTaskThread "GC Thread#0" [stack: 0x000000bea9e00000,0x000000bea9f00000] [id=15144]
  0x0000023ad9a7a180 ConcurrentGCThread "G1 Main Marker" [stack: 0x000000bea9f00000,0x000000beaa000000] [id=22388]
  0x0000023ad9a7aba0 ConcurrentGCThread "G1 Conc#0" [stack: 0x000000beaa000000,0x000000beaa100000] [id=3984]

[error occurred during error reporting (printing all threads), id 0xc0000005, EXCEPTION_ACCESS_VIOLATION (0xc0000005) at pc=0x00007ffafe3f3547]

VM state: not at safepoint (not fully initialized)

VM Mutex/Monitor currently owned by a thread:  ([mutex/lock_event])
[0x0000023ad9a03830] Heap_lock - owner thread: 0x0000023ad9a08e20

Heap address: 0x0000000720c00000, size: 3572 MB, Compressed Oops mode: Zero based, Oop shift amount: 3

CDS archive(s) mapped at: [0x0000000000000000-0x0000000000000000-0x0000000000000000), size 0, SharedBaseAddress: 0x0000000800000000, ArchiveRelocationMode: 1.
Narrow klass base: 0x0000000000000000, Narrow klass shift: 0, Narrow klass range: 0x0

GC Precious Log:
<Empty>

Heap:
 garbage-first heap   total 0K, used 0K [0x0000000720c00000, 0x0000000800000000)
  region size 2048K, 0 young (0K), 0 survivors (0K)
 Metaspace       used 0K, committed 0K, reserved 0K
  class space    used 0K, committed 0K, reserved 0K

Heap Regions: E=young(eden), S=young(survivor), O=old, HS=humongous(starts), HC=humongous(continues), CS=collection set, F=free, OA=open archive, CA=closed archive, TAMS=top-at-mark-start (previous, next)

Card table byte_map: [0x0000023aec920000,0x0000023aed020000] _byte_map_base: 0x0000023ae901a000

Marking Bits (Prev, Next): (CMBitMap*) 0x0000023ad9a6b900, (CMBitMap*) 0x0000023ad9a6b940
 Prev Bits: [0x0000023aed720000, 0x0000023af0ef0000)
 Next Bits: [0x0000023af0ef0000, 0x0000023af46c0000)

GC Heap History (0 events):
No events

Dll operation events (1 events):
Event: 0.008 Loaded shared library D:\App\jbr\bin\java.dll

Deoptimization events (0 events):
No events

Classes unloaded (0 events):
No events

Classes redefined (0 events):
No events

Internal exceptions (0 events):
No events

VM Operations (0 events):
No events

Events (0 events):
No events


Dynamic libraries:
0x00007ff6815b0000 - 0x00007ff6815ba000 	D:\App\jbr\bin\java.exe
0x00007ffb94380000 - 0x00007ffb94589000 	C:\Windows\SYSTEM32\ntdll.dll
0x00007ffb92290000 - 0x00007ffb9234d000 	C:\Windows\System32\KERNEL32.DLL
0x00007ffb91b60000 - 0x00007ffb91ee4000 	C:\Windows\System32\KERNELBASE.dll
0x00007ffb920b0000 - 0x00007ffb921c1000 	C:\Windows\System32\ucrtbase.dll
0x00007ffb71820000 - 0x00007ffb71837000 	D:\App\jbr\bin\jli.dll
0x00007ffb68730000 - 0x00007ffb6874b000 	D:\App\jbr\bin\VCRUNTIME140.dll
0x00007ffb92350000 - 0x00007ffb924fd000 	C:\Windows\System32\USER32.dll
0x00007ffb92080000 - 0x00007ffb920a6000 	C:\Windows\System32\win32u.dll
0x00007ffb80480000 - 0x00007ffb80725000 	C:\Windows\WinSxS\amd64_microsoft.windows.common-controls_6595b64144ccf1df_6.0.22000.120_none_9d947278b86cc467\COMCTL32.dll
0x00007ffb93f30000 - 0x00007ffb93f5a000 	C:\Windows\System32\GDI32.dll
0x00007ffb921e0000 - 0x00007ffb92283000 	C:\Windows\System32\msvcrt.dll
0x00007ffb91f60000 - 0x00007ffb9207e000 	C:\Windows\System32\gdi32full.dll
0x00007ffb91a00000 - 0x00007ffb91a9d000 	C:\Windows\System32\msvcp_win.dll
0x00007ffb925b0000 - 0x00007ffb925e1000 	C:\Windows\System32\IMM32.DLL
0x00007ffb8dea0000 - 0x00007ffb8deac000 	D:\App\jbr\bin\vcruntime140_1.dll
0x00007ffb49650000 - 0x00007ffb496dd000 	D:\App\jbr\bin\msvcp140.dll
0x00007ffafe100000 - 0x00007ffafed83000 	D:\App\jbr\bin\server\jvm.dll
0x00007ffb94220000 - 0x00007ffb942ce000 	C:\Windows\System32\ADVAPI32.dll
0x00007ffb92500000 - 0x00007ffb9259e000 	C:\Windows\System32\sechost.dll
0x00007ffb92c60000 - 0x00007ffb92d81000 	C:\Windows\System32\RPCRT4.dll
0x00007ffb8b670000 - 0x00007ffb8b679000 	C:\Windows\SYSTEM32\WSOCK32.dll
0x00007ffb93750000 - 0x00007ffb937bf000 	C:\Windows\System32\WS2_32.dll
0x00007ffb916e0000 - 0x00007ffb9172d000 	C:\Windows\SYSTEM32\POWRPROF.dll
0x00007ffb8b040000 - 0x00007ffb8b073000 	C:\Windows\SYSTEM32\WINMM.dll
0x00007ffb87490000 - 0x00007ffb8749a000 	C:\Windows\SYSTEM32\VERSION.dll
0x00007ffb916c0000 - 0x00007ffb916d3000 	C:\Windows\SYSTEM32\UMPDC.dll
0x00007ffb90880000 - 0x00007ffb90898000 	C:\Windows\SYSTEM32\kernel.appcore.dll
0x00007ffb8b220000 - 0x00007ffb8b22a000 	D:\App\jbr\bin\jimage.dll
0x00007ffb8f1b0000 - 0x00007ffb8f3d1000 	C:\Windows\SYSTEM32\DBGHELP.DLL
0x00007ffb7dbd0000 - 0x00007ffb7dc01000 	C:\Windows\SYSTEM32\dbgcore.DLL
0x00007ffb91980000 - 0x00007ffb919ff000 	C:\Windows\System32\bcryptPrimitives.dll
0x00007ffb76380000 - 0x00007ffb763a5000 	D:\App\jbr\bin\java.dll

dbghelp: loaded successfully - version: 4.0.5 - missing functions: none
symbol engine: initialized successfully - sym options: 0x614 - pdb path: .;D:\App\jbr\bin;C:\Windows\SYSTEM32;C:\Windows\WinSxS\amd64_microsoft.windows.common-controls_6595b64144ccf1df_6.0.22000.120_none_9d947278b86cc467;D:\App\jbr\bin\server

VM Arguments:
java_command: git4idea.http.GitAskPassApp Username for 'https://github.com': 
java_class_path (initial): D:/App/plugins/vcs-git/lib/git4idea-rt.jar;D:/App/lib/externalProcess-rt.jar
Launcher Type: SUN_STANDARD

[Global flags]
     intx CICompilerCount                          = 4                                         {product} {ergonomic}
     uint ConcGCThreads                            = 2                                         {product} {ergonomic}
     uint G1ConcRefinementThreads                  = 8                                         {product} {ergonomic}
   size_t G1HeapRegionSize                         = 2097152                                   {product} {ergonomic}
    uintx GCDrainStackTargetSize                   = 64                                        {product} {ergonomic}
   size_t InitialHeapSize                          = 234881024                                 {product} {ergonomic}
   size_t MarkStackSize                            = 4194304                                   {product} {ergonomic}
   size_t MaxHeapSize                              = 3745513472                                {product} {ergonomic}
   size_t MinHeapDeltaBytes                        = 2097152                                   {product} {ergonomic}
   size_t MinHeapSize                              = 8388608                                   {product} {ergonomic}
    uintx NonNMethodCodeHeapSize                   = 5839372                                {pd product} {ergonomic}
    uintx NonProfiledCodeHeapSize                  = 122909434                              {pd product} {ergonomic}
    uintx ProfiledCodeHeapSize                     = 122909434                              {pd product} {ergonomic}
    uintx ReservedCodeCacheSize                    = 251658240                              {pd product} {ergonomic}
     bool SegmentedCodeCache                       = true                                      {product} {ergonomic}
   size_t SoftMaxHeapSize                          = 3745513472                             {manageable} {ergonomic}
     bool UseCompressedClassPointers               = true                           {product lp64_product} {ergonomic}
     bool UseCompressedOops                        = true                           {product lp64_product} {ergonomic}
     bool UseG1GC                                  = true                                      {product} {ergonomic}
     bool UseLargePagesIndividualAllocation        = false                                  {pd product} {ergonomic}

Logging:
Log output configuration:
 #0: stdout all=warning uptime,level,tags
 #1: stderr all=off uptime,level,tags

Environment Variables:
PATH=C:\Program Files\Git\mingw64\libexec\git-core;C:\Program Files\Git\mingw64\libexec\git-core;C:\Program Files\Git\mingw64\bin;C:\Program Files\Git\usr\bin;C:\Users\Asus\bin;C:\Program Files\Common Files\Oracle\Java\javapath;C:\Windows\system32;C:\Windows;C:\Windows\System32\Wbem;C:\Windows\System32\WindowsPowerShell\v1.0;C:\Windows\System32\OpenSSH;C:\Program Files\Java\jdk-17\bin;C:\Program Files\MySQL;C:\Program Files\MySQL\MySQL Server 8.0\bin;C:\Program Files\nodejs;C:\Program Files\Git\cmd;C:\Users\Asus\AppData\Local\Microsoft\WindowsApps;C:\Users\Asus\Downloads\IntelliJ IDEA Community Edition 2022.3.2\bin;C:\Users\Asus\AppData\Local\Programs\Microsoft VS Code\bin;C:\Program Files\JetBrains\PyCharm Community Edition 2023.3.2\bin;C:\Users\Asus\AppData\Roaming\npm
USERNAME=Asus
DISPLAY=:0.0
LC_ALL=en_US.UTF-8
TERM=xterm-256color
TMPDIR=C:\Users\Asus\AppData\Local\Temp
OS=Windows_NT
PROCESSOR_IDENTIFIER=AMD64 Family 23 Model 24 Stepping 1, AuthenticAMD
TMP=C:\Users\Asus\AppData\Local\Temp
TEMP=C:\Users\Asus\AppData\Local\Temp



Periodic native trim disabled

JNI global refs:
JNI global refs: 0, weak refs: 0

JNI global refs memory usage: 0, weak refs: 0

OOME stack traces (most recent first):
Classloader memory used:


---------------  S Y S T E M  ---------------

OS:
 Windows 11 , 64 bit Build 22000 (10.0.22000.2538)
OS uptime: 12 days 1:23 hours

CPU: total 8 (initial active 8) (8 cores per cpu, 2 threads per core) family 23 model 24 stepping 1 microcode 0x0, cx8, cmov, fxsr, ht, mmx, 3dnowpref, sse, sse2, sse3, ssse3, sse4a, sse4.1, sse4.2, popcnt, lzcnt, tsc, tscinvbit, avx, avx2, aes, clmul, bmi1, bmi2, adx, sha, fma, vzeroupper, clflush, clflushopt
Processor Information for all 8 processors :
  Max Mhz: 2300, Current Mhz: 2300, Mhz Limit: 2300

Memory: 4k page, system-wide physical 14283M (1706M free)
TotalPageFile size 18379M (AvailPageFile size 215M)
current process WorkingSet (physical memory assigned to process): 11M, peak: 11M
current process commit charge ("private bytes"): 60M, peak: 284M

vm_info: OpenJDK 64-Bit Server VM (17.0.10+0--11572160) for windows-amd64 JRE (17.0.10+0--11572160), built on Mar 13 2024 23:56:38 by "androidbuild" with MS VC++ 16.10 / 16.11 (VS2019)

END.
